[0325/100007.604:ERROR:process_memory_win.cc(73)] ReadMemory at 0x7ff72a150000 of 64 bytes failed: Only part of a ReadProcessMemory or WriteProcessMemory request was completed. (0x12B)
[0325/100007.635:WARNING:pe_image_reader.cc(340)] could not read dos header from C:\Program Files (x86)\Google\Chrome\Application\chrome.exe
[0325/100007.635:ERROR:process_memory_win.cc(73)] ReadMemory at 0x7fff91060000 of 64 bytes failed: Only part of a ReadProcessMemory or WriteProcessMemory request was completed. (0x12B)
[0325/100007.635:WARNING:pe_image_reader.cc(340)] could not read dos header from C:\WINDOWS\SYSTEM32\ntdll.dll
[0325/100007.635:ERROR:process_memory_win.cc(73)] ReadMemory at 0x7fff90f40000 of 64 bytes failed: Only part of a ReadProcessMemory or WriteProcessMemory request was completed. (0x12B)
[0325/100007.635:WARNING:pe_image_reader.cc(340)] could not read dos header from C:\WINDOWS\System32\KERNEL32.DLL
[0325/100007.635:ERROR:process_memory_win.cc(73)] ReadMemory at 0x7fff8e930000 of 64 bytes failed: Only part of a ReadProcessMemory or WriteProcessMemory request was completed. (0x12B)
[0325/100007.635:WARNING:pe_image_reader.cc(340)] could not read dos header from C:\WINDOWS\System32\KERNELBASE.dll
[0325/100007.635:ERROR:process_memory_win.cc(73)] ReadMemory at 0x7fff45b40000 of 64 bytes failed: Only part of a ReadProcessMemory or WriteProcessMemory request was completed. (0x12B)
[0325/100007.635:WARNING:pe_image_reader.cc(340)] could not read dos header from C:\Program Files (x86)\Google\Chrome\Application\80.0.3987.149\chrome_elf.dll
[0325/100007.635:ERROR:process_memory_win.cc(73)] ReadMemory at 0x7fff85c60000 of 64 bytes failed: Only part of a ReadProcessMemory or WriteProcessMemory request was completed. (0x12B)
[0325/100007.635:WARNING:pe_image_reader.cc(340)] could not read dos header from C:\WINDOWS\SYSTEM32\VERSION.dll
[0325/100007.635:ERROR:process_memory_win.cc(73)] ReadMemory at 0x7fff8fee0000 of 64 bytes failed: Only part of a ReadProcessMemory or WriteProcessMemory request was completed. (0x12B)
[0325/100007.635:WARNING:pe_image_reader.cc(340)] could not read dos header from C:\WINDOWS\System32\msvcrt.dll
[0325/100007.635:ERROR:process_memory_win.cc(73)] ReadMemory at 0x7fff8ef50000 of 64 bytes failed: Only part of a ReadProcessMemory or WriteProcessMemory request was completed. (0x12B)
[0325/100007.635:WARNING:pe_image_reader.cc(340)] could not read dos header from C:\WINDOWS\System32\bcryptPrimitives.dll
[0325/100007.635:ERROR:process_memory_win.cc(73)] ReadMemory at 0x7fff8f2b0000 of 64 bytes failed: Only part of a ReadProcessMemory or WriteProcessMemory request was completed. (0x12B)
[0325/100007.635:WARNING:pe_image_reader.cc(340)] could not read dos header from C:\WINDOWS\System32\ADVAPI32.dll
[0325/100007.635:ERROR:process_memory_win.cc(73)] ReadMemory at 0x7fff8f360000 of 64 bytes failed: Only part of a ReadProcessMemory or WriteProcessMemory request was completed. (0x12B)
[0325/100007.635:WARNING:pe_image_reader.cc(340)] could not read dos header from C:\WINDOWS\System32\sechost.dll
[0325/100007.635:ERROR:process_memory_win.cc(73)] ReadMemory at 0x7fff90a50000 of 64 bytes failed: Only part of a ReadProcessMemory or WriteProcessMemory request was completed. (0x12B)
[0325/100007.635:WARNING:pe_image_reader.cc(340)] could not read dos header from C:\WINDOWS\System32\RPCRT4.dll
[0325/100007.635:ERROR:process_memory_win.cc(73)] ReadMemory at 0x7ffef23a0000 of 64 bytes failed: Only part of a ReadProcessMemory or WriteProcessMemory request was completed. (0x12B)
[0325/100007.635:WARNING:pe_image_reader.cc(340)] could not read dos header from C:\Program Files (x86)\Google\Chrome\Application\80.0.3987.149\chrome.dll
[0325/100007.635:ERROR:process_memory_win.cc(73)] ReadMemory at 0x7fff900f0000 of 64 bytes failed: Only part of a ReadProcessMemory or WriteProcessMemory request was completed. (0x12B)
[0325/100007.635:WARNING:pe_image_reader.cc(340)] could not read dos header from C:\WINDOWS\System32\WS2_32.dll
[0325/100007.635:ERROR:process_memory_win.cc(73)] ReadMemory at 0x7fff90980000 of 64 bytes failed: Only part of a ReadProcessMemory or WriteProcessMemory request was completed. (0x12B)
[0325/100007.635:WARNING:pe_image_reader.cc(340)] could not read dos header from C:\WINDOWS\System32\OLEAUT32.dll
[0325/100007.635:ERROR:process_memory_win.cc(73)] ReadMemory at 0x7fff8dff0000 of 64 bytes failed: Only part of a ReadProcessMemory or WriteProcessMemory request was completed. (0x12B)
[0325/100007.635:WARNING:pe_image_reader.cc(340)] could not read dos header from C:\WINDOWS\System32\msvcp_win.dll
[0325/100007.635:ERROR:process_memory_win.cc(73)] ReadMemory at 0x7fff8e0b0000 of 64 bytes failed: Only part of a ReadProcessMemory or WriteProcessMemory request was completed. (0x12B)
[0325/100007.635:WARNING:pe_image_reader.cc(340)] could not read dos header from C:\WINDOWS\System32\ucrtbase.dll
[0325/100007.635:ERROR:process_memory_win.cc(73)] ReadMemory at 0x7fff90630000 of 64 bytes failed: Only part of a ReadProcessMemory or WriteProcessMemory request was completed. (0x12B)
[0325/100007.635:WARNING:pe_image_reader.cc(340)] could not read dos header from C:\WINDOWS\System32\combase.dll
[0325/100007.635:ERROR:process_memory_win.cc(73)] ReadMemory at 0x7fff8f080000 of 64 bytes failed: Only part of a ReadProcessMemory or WriteProcessMemory request was completed. (0x12B)
[0325/100007.635:WARNING:pe_image_reader.cc(340)] could not read dos header from C:\WINDOWS\System32\WINTRUST.dll
[0325/100007.635:ERROR:process_memory_win.cc(73)] ReadMemory at 0x7fff8df30000 of 64 bytes failed: Only part of a ReadProcessMemory or WriteProcessMemory request was completed. (0x12B)
[0325/100007.635:WARNING:pe_image_reader.cc(340)] could not read dos header from C:\WINDOWS\System32\MSASN1.dll
[0325/100007.635:ERROR:process_memory_win.cc(73)] ReadMemory at 0x7fff8ec10000 of 64 bytes failed: Only part of a ReadProcessMemory or WriteProcessMemory request was completed. (0x12B)
[0325/100007.635:WARNING:pe_image_reader.cc(340)] could not read dos header from C:\WINDOWS\System32\CRYPT32.dll
[0325/100007.635:ERROR:process_memory_win.cc(73)] ReadMemory at 0x7fff8d4a0000 of 64 bytes failed: Only part of a ReadProcessMemory or WriteProcessMemory request was completed. (0x12B)
[0325/100007.635:WARNING:pe_image_reader.cc(340)] could not read dos header from C:\WINDOWS\SYSTEM32\IPHLPAPI.DLL
[0325/100007.635:ERROR:process_memory_win.cc(73)] ReadMemory at 0x7fff89150000 of 64 bytes failed: Only part of a ReadProcessMemory or WriteProcessMemory request was completed. (0x12B)
[0325/100007.635:WARNING:pe_image_reader.cc(340)] could not read dos header from C:\WINDOWS\SYSTEM32\WINMM.dll
[0325/100007.635:ERROR:process_memory_win.cc(73)] ReadMemory at 0x7fff79160000 of 64 bytes failed: Only part of a ReadProcessMemory or WriteProcessMemory request was completed. (0x12B)
[0325/100007.635:WARNING:pe_image_reader.cc(340)] could not read dos header from C:\WINDOWS\SYSTEM32\Secur32.dll
[0325/100007.635:ERROR:process_memory_win.cc(73)] ReadMemory at 0x7fff8de10000 of 64 bytes failed: Only part of a ReadProcessMemory or WriteProcessMemory request was completed. (0x12B)
[0325/100007.635:WARNING:pe_image_reader.cc(340)] could not read dos header from C:\WINDOWS\SYSTEM32\USERENV.dll
[0325/100007.635:ERROR:process_memory_win.cc(73)] ReadMemory at 0x7fff8dfc0000 of 64 bytes failed: Only part of a ReadProcessMemory or WriteProcessMemory request was completed. (0x12B)
[0325/100007.635:WARNING:pe_image_reader.cc(340)] could not read dos header from C:\WINDOWS\System32\profapi.dll
[0325/100007.635:ERROR:process_memory_win.cc(73)] ReadMemory at 0x7fff4f390000 of 64 bytes failed: Only part of a ReadProcessMemory or WriteProcessMemory request was completed. (0x12B)
[0325/100007.635:WARNING:pe_image_reader.cc(340)] could not read dos header from C:\WINDOWS\SYSTEM32\UIAutomationCore.DLL
[0325/100007.635:ERROR:process_memory_win.cc(73)] ReadMemory at 0x7fff52e90000 of 64 bytes failed: Only part of a ReadProcessMemory or WriteProcessMemory request was completed. (0x12B)
[0325/100007.635:WARNING:pe_image_reader.cc(340)] could not read dos header from C:\WINDOWS\SYSTEM32\DWrite.dll
[0325/100007.635:ERROR:process_memory_win.cc(73)] ReadMemory at 0x7fff7e870000 of 64 bytes failed: Only part of a ReadProcessMemory or WriteProcessMemory request was completed. (0x12B)
[0325/100007.651:WARNING:pe_image_reader.cc(340)] could not read dos header from C:\WINDOWS\SYSTEM32\WINSPOOL.DRV
[0325/100007.651:ERROR:process_memory_win.cc(73)] ReadMemory at 0x7fff8df50000 of 64 bytes failed: Only part of a ReadProcessMemory or WriteProcessMemory request was completed. (0x12B)
[0325/100007.651:WARNING:pe_image_reader.cc(340)] could not read dos header from C:\WINDOWS\System32\kernel.appcore.dll
[0325/100007.651:ERROR:process_memory_win.cc(73)] ReadMemory at 0x7fff8ebe0000 of 64 bytes failed: Only part of a ReadProcessMemory or WriteProcessMemory request was completed. (0x12B)
[0325/100007.651:WARNING:pe_image_reader.cc(340)] could not read dos header from C:\WINDOWS\System32\bcrypt.dll
[0325/100007.651:ERROR:process_memory_win.cc(73)] ReadMemory at 0x7fff8c800000 of 64 bytes failed: Only part of a ReadProcessMemory or WriteProcessMemory request was completed. (0x12B)
[0325/100007.651:WARNING:pe_image_reader.cc(340)] could not read dos header from C:\WINDOWS\SYSTEM32\dbghelp.dll
[0325/100007.651:ERROR:process_memory_win.cc(73)] ReadMemory at 0x7fff844a0000 of 64 bytes failed: Only part of a ReadProcessMemory or WriteProcessMemory request was completed. (0x12B)
[0325/100007.651:WARNING:pe_image_reader.cc(340)] could not read dos header from C:\WINDOWS\SYSTEM32\WINHTTP.dll
[0325/100007.651:ERROR:process_memory_win.cc(73)] ReadMemory at 0x7fff862d0000 of 64 bytes failed: Only part of a ReadProcessMemory or WriteProcessMemory request was completed. (0x12B)
[0325/100007.651:WARNING:pe_image_reader.cc(340)] could not read dos header from C:\WINDOWS\SYSTEM32\dhcpcsvc.DLL
[0325/100007.651:ERROR:process_memory_win.cc(73)] ReadMemory at 0x7fff8ffe0000 of 64 bytes failed: Only part of a ReadProcessMemory or WriteProcessMemory request was completed. (0x12B)
[0325/100007.651:WARNING:pe_image_reader.cc(340)] could not read dos header from C:\WINDOWS\System32\NSI.dll
[0325/100007.651:ERROR:process_memory_win.cc(73)] ReadMemory at 0x7fff88f40000 of 64 bytes failed: Only part of a ReadProcessMemory or WriteProcessMemory request was completed. (0x12B)
[0325/100007.651:WARNING:pe_image_reader.cc(340)] could not read dos header from C:\WINDOWS\SYSTEM32\WINMMBASE.dll
[0325/100007.651:ERROR:process_memory_win.cc(73)] ReadMemory at 0x7fff8ed60000 of 64 bytes failed: Only part of a ReadProcessMemory or WriteProcessMemory request was completed. (0x12B)
[0325/100007.651:WARNING:pe_image_reader.cc(340)] could not read dos header from C:\WINDOWS\System32\cfgmgr32.dll
[0325/100007.651:ERROR:process_memory_win.cc(73)] ReadMemory at 0x7fff8bb10000 of 64 bytes failed: Only part of a ReadProcessMemory or WriteProcessMemory request was completed. (0x12B)
[0325/100007.651:WARNING:pe_image_reader.cc(340)] could not read dos header from C:\WINDOWS\SYSTEM32\PROPSYS.dll
[0325/100007.651:ERROR:process_memory_win.cc(73)] ReadMemory at 0x7fff90e90000 of 64 bytes failed: Only part of a ReadProcessMemory or WriteProcessMemory request was completed. (0x12B)
[0325/100007.651:WARNING:pe_image_reader.cc(340)] could not read dos header from C:\WINDOWS\System32\shcore.dll
[0325/100007.651:ERROR:process_memory_win.cc(73)] ReadMemory at 0x7fff8de40000 of 64 bytes failed: Only part of a ReadProcessMemory or WriteProcessMemory request was completed. (0x12B)
[0325/100007.651:WARNING:pe_image_reader.cc(340)] could not read dos header from C:\WINDOWS\SYSTEM32\SSPICLI.DLL
[0325/100007.651:ERROR:process_memory_win.cc(73)] ReadMemory at 0x7fff8d960000 of 64 bytes failed: Only part of a ReadProcessMemory or WriteProcessMemory request was completed. (0x12B)
[0325/100007.651:WARNING:pe_image_reader.cc(340)] could not read dos header from C:\WINDOWS\SYSTEM32\CRYPTBASE.DLL
[0325/100007.651:ERROR:process_memory_win.cc(73)] ReadMemory at 0x7ff72a150000 of 64 bytes failed: Only part of a ReadProcessMemory or WriteProcessMemory request was completed. (0x12B)
[0325/100007.651:WARNING:pe_image_reader.cc(340)] could not read dos header from C:\Program Files (x86)\Google\Chrome\Application\chrome.exe
[0325/100007.651:ERROR:process_memory_win.cc(73)] ReadMemory at 0x7fff91060000 of 64 bytes failed: Only part of a ReadProcessMemory or WriteProcessMemory request was completed. (0x12B)
[0325/100007.651:WARNING:pe_image_reader.cc(340)] could not read dos header from C:\WINDOWS\SYSTEM32\ntdll.dll
[0325/100007.651:ERROR:process_memory_win.cc(73)] ReadMemory at 0x7fff90f40000 of 64 bytes failed: Only part of a ReadProcessMemory or WriteProcessMemory request was completed. (0x12B)
[0325/100007.651:WARNING:pe_image_reader.cc(340)] could not read dos header from C:\WINDOWS\System32\KERNEL32.DLL
[0325/100007.651:ERROR:process_memory_win.cc(73)] ReadMemory at 0x7fff8e930000 of 64 bytes failed: Only part of a ReadProcessMemory or WriteProcessMemory request was completed. (0x12B)
[0325/100007.651:WARNING:pe_image_reader.cc(340)] could not read dos header from C:\WINDOWS\System32\KERNELBASE.dll
[0325/100007.651:ERROR:process_memory_win.cc(73)] ReadMemory at 0x7fff45b40000 of 64 bytes failed: Only part of a ReadProcessMemory or WriteProcessMemory request was completed. (0x12B)
[0325/100007.651:WARNING:pe_image_reader.cc(340)] could not read dos header from C:\Program Files (x86)\Google\Chrome\Application\80.0.3987.149\chrome_elf.dll
[0325/100007.651:ERROR:process_memory_win.cc(73)] ReadMemory at 0x7fff85c60000 of 64 bytes failed: Only part of a ReadProcessMemory or WriteProcessMemory request was completed. (0x12B)
[0325/100007.651:WARNING:pe_image_reader.cc(340)] could not read dos header from C:\WINDOWS\SYSTEM32\VERSION.dll
[0325/100007.651:ERROR:process_memory_win.cc(73)] ReadMemory at 0x7fff8fee0000 of 64 bytes failed: Only part of a ReadProcessMemory or WriteProcessMemory request was completed. (0x12B)
[0325/100007.651:WARNING:pe_image_reader.cc(340)] could not read dos header from C:\WINDOWS\System32\msvcrt.dll
[0325/100007.651:ERROR:process_memory_win.cc(73)] ReadMemory at 0x7fff8ef50000 of 64 bytes failed: Only part of a ReadProcessMemory or WriteProcessMemory request was completed. (0x12B)
[0325/100007.651:WARNING:pe_image_reader.cc(340)] could not read dos header from C:\WINDOWS\System32\bcryptPrimitives.dll
[0325/100007.651:ERROR:process_memory_win.cc(73)] ReadMemory at 0x7fff8f2b0000 of 64 bytes failed: Only part of a ReadProcessMemory or WriteProcessMemory request was completed. (0x12B)
[0325/100007.651:WARNING:pe_image_reader.cc(340)] could not read dos header from C:\WINDOWS\System32\ADVAPI32.dll
[0325/100007.651:ERROR:process_memory_win.cc(73)] ReadMemory at 0x7fff8f360000 of 64 bytes failed: Only part of a ReadProcessMemory or WriteProcessMemory request was completed. (0x12B)
[0325/100007.651:WARNING:pe_image_reader.cc(340)] could not read dos header from C:\WINDOWS\System32\sechost.dll
[0325/100007.651:ERROR:process_memory_win.cc(73)] ReadMemory at 0x7fff90a50000 of 64 bytes failed: Only part of a ReadProcessMemory or WriteProcessMemory request was completed. (0x12B)
[0325/100007.651:WARNING:pe_image_reader.cc(340)] could not read dos header from C:\WINDOWS\System32\RPCRT4.dll
[0325/100007.651:ERROR:process_memory_win.cc(73)] ReadMemory at 0x7ffef23a0000 of 64 bytes failed: Only part of a ReadProcessMemory or WriteProcessMemory request was completed. (0x12B)
[0325/100007.651:WARNING:pe_image_reader.cc(340)] could not read dos header from C:\Program Files (x86)\Google\Chrome\Application\80.0.3987.149\chrome.dll
[0325/100007.651:ERROR:process_memory_win.cc(73)] ReadMemory at 0x7fff900f0000 of 64 bytes failed: Only part of a ReadProcessMemory or WriteProcessMemory request was completed. (0x12B)
[0325/100007.651:WARNING:pe_image_reader.cc(340)] could not read dos header from C:\WINDOWS\System32\WS2_32.dll
[0325/100007.651:ERROR:process_memory_win.cc(73)] ReadMemory at 0x7fff90980000 of 64 bytes failed: Only part of a ReadProcessMemory or WriteProcessMemory request was completed. (0x12B)
[0325/100007.651:WARNING:pe_image_reader.cc(340)] could not read dos header from C:\WINDOWS\System32\OLEAUT32.dll
[0325/100007.651:ERROR:process_memory_win.cc(73)] ReadMemory at 0x7fff8dff0000 of 64 bytes failed: Only part of a ReadProcessMemory or WriteProcessMemory request was completed. (0x12B)
[0325/100007.651:WARNING:pe_image_reader.cc(340)] could not read dos header from C:\WINDOWS\System32\msvcp_win.dll
[0325/100007.651:ERROR:process_memory_win.cc(73)] ReadMemory at 0x7fff8e0b0000 of 64 bytes failed: Only part of a ReadProcessMemory or WriteProcessMemory request was completed. (0x12B)
[0325/100007.651:WARNING:pe_image_reader.cc(340)] could not read dos header from C:\WINDOWS\System32\ucrtbase.dll
[0325/100007.651:ERROR:process_memory_win.cc(73)] ReadMemory at 0x7fff90630000 of 64 bytes failed: Only part of a ReadProcessMemory or WriteProcessMemory request was completed. (0x12B)
[0325/100007.651:WARNING:pe_image_reader.cc(340)] could not read dos header from C:\WINDOWS\System32\combase.dll
[0325/100007.666:ERROR:process_memory_win.cc(73)] ReadMemory at 0x7fff8f080000 of 64 bytes failed: Only part of a ReadProcessMemory or WriteProcessMemory request was completed. (0x12B)
[0325/100007.666:WARNING:pe_image_reader.cc(340)] could not read dos header from C:\WINDOWS\System32\WINTRUST.dll
[0325/100007.666:ERROR:process_memory_win.cc(73)] ReadMemory at 0x7fff8df30000 of 64 bytes failed: Only part of a ReadProcessMemory or WriteProcessMemory request was completed. (0x12B)
[0325/100007.666:WARNING:pe_image_reader.cc(340)] could not read dos header from C:\WINDOWS\System32\MSASN1.dll
[0325/100007.666:ERROR:process_memory_win.cc(73)] ReadMemory at 0x7fff8ec10000 of 64 bytes failed: Only part of a ReadProcessMemory or WriteProcessMemory request was completed. (0x12B)
[0325/100007.666:WARNING:pe_image_reader.cc(340)] could not read dos header from C:\WINDOWS\System32\CRYPT32.dll
[0325/100007.666:ERROR:process_memory_win.cc(73)] ReadMemory at 0x7fff8d4a0000 of 64 bytes failed: Only part of a ReadProcessMemory or WriteProcessMemory request was completed. (0x12B)
[0325/100007.666:WARNING:pe_image_reader.cc(340)] could not read dos header from C:\WINDOWS\SYSTEM32\IPHLPAPI.DLL
[0325/100007.666:ERROR:process_memory_win.cc(73)] ReadMemory at 0x7fff89150000 of 64 bytes failed: Only part of a ReadProcessMemory or WriteProcessMemory request was completed. (0x12B)
[0325/100007.666:WARNING:pe_image_reader.cc(340)] could not read dos header from C:\WINDOWS\SYSTEM32\WINMM.dll
[0325/100007.666:ERROR:process_memory_win.cc(73)] ReadMemory at 0x7fff79160000 of 64 bytes failed: Only part of a ReadProcessMemory or WriteProcessMemory request was completed. (0x12B)
[0325/100007.666:WARNING:pe_image_reader.cc(340)] could not read dos header from C:\WINDOWS\SYSTEM32\Secur32.dll
[0325/100007.666:ERROR:process_memory_win.cc(73)] ReadMemory at 0x7fff8de10000 of 64 bytes failed: Only part of a ReadProcessMemory or WriteProcessMemory request was completed. (0x12B)
[0325/100007.666:WARNING:pe_image_reader.cc(340)] could not read dos header from C:\WINDOWS\SYSTEM32\USERENV.dll
[0325/100007.666:ERROR:process_memory_win.cc(73)] ReadMemory at 0x7fff8dfc0000 of 64 bytes failed: Only part of a ReadProcessMemory or WriteProcessMemory request was completed. (0x12B)
[0325/100007.666:WARNING:pe_image_reader.cc(340)] could not read dos header from C:\WINDOWS\System32\profapi.dll
[0325/100007.666:ERROR:process_memory_win.cc(73)] ReadMemory at 0x7fff4f390000 of 64 bytes failed: Only part of a ReadProcessMemory or WriteProcessMemory request was completed. (0x12B)
[0325/100007.666:WARNING:pe_image_reader.cc(340)] could not read dos header from C:\WINDOWS\SYSTEM32\UIAutomationCore.DLL
[0325/100007.666:ERROR:process_memory_win.cc(73)] ReadMemory at 0x7fff52e90000 of 64 bytes failed: Only part of a ReadProcessMemory or WriteProcessMemory request was completed. (0x12B)
[0325/100007.666:WARNING:pe_image_reader.cc(340)] could not read dos header from C:\WINDOWS\SYSTEM32\DWrite.dll
[0325/100007.666:ERROR:process_memory_win.cc(73)] ReadMemory at 0x7fff7e870000 of 64 bytes failed: Only part of a ReadProcessMemory or WriteProcessMemory request was completed. (0x12B)
[0325/100007.666:WARNING:pe_image_reader.cc(340)] could not read dos header from C:\WINDOWS\SYSTEM32\WINSPOOL.DRV
[0325/100007.666:ERROR:process_memory_win.cc(73)] ReadMemory at 0x7fff8df50000 of 64 bytes failed: Only part of a ReadProcessMemory or WriteProcessMemory request was completed. (0x12B)
[0325/100007.666:WARNING:pe_image_reader.cc(340)] could not read dos header from C:\WINDOWS\System32\kernel.appcore.dll
[0325/100007.666:ERROR:process_memory_win.cc(73)] ReadMemory at 0x7fff8ebe0000 of 64 bytes failed: Only part of a ReadProcessMemory or WriteProcessMemory request was completed. (0x12B)
[0325/100007.666:WARNING:pe_image_reader.cc(340)] could not read dos header from C:\WINDOWS\System32\bcrypt.dll
[0325/100007.666:ERROR:process_memory_win.cc(73)] ReadMemory at 0x7fff8c800000 of 64 bytes failed: Only part of a ReadProcessMemory or WriteProcessMemory request was completed. (0x12B)
[0325/100007.666:WARNING:pe_image_reader.cc(340)] could not read dos header from C:\WINDOWS\SYSTEM32\dbghelp.dll
[0325/100007.666:ERROR:process_memory_win.cc(73)] ReadMemory at 0x7fff844a0000 of 64 bytes failed: Only part of a ReadProcessMemory or WriteProcessMemory request was completed. (0x12B)
[0325/100007.666:WARNING:pe_image_reader.cc(340)] could not read dos header from C:\WINDOWS\SYSTEM32\WINHTTP.dll
[0325/100007.666:ERROR:process_memory_win.cc(73)] ReadMemory at 0x7fff862d0000 of 64 bytes failed: Only part of a ReadProcessMemory or WriteProcessMemory request was completed. (0x12B)
[0325/100007.666:WARNING:pe_image_reader.cc(340)] could not read dos header from C:\WINDOWS\SYSTEM32\dhcpcsvc.DLL
[0325/100007.666:ERROR:process_memory_win.cc(73)] ReadMemory at 0x7fff8ffe0000 of 64 bytes failed: Only part of a ReadProcessMemory or WriteProcessMemory request was completed. (0x12B)
[0325/100007.666:WARNING:pe_image_reader.cc(340)] could not read dos header from C:\WINDOWS\System32\NSI.dll
[0325/100007.666:ERROR:process_memory_win.cc(73)] ReadMemory at 0x7fff88f40000 of 64 bytes failed: Only part of a ReadProcessMemory or WriteProcessMemory request was completed. (0x12B)
[0325/100007.666:WARNING:pe_image_reader.cc(340)] could not read dos header from C:\WINDOWS\SYSTEM32\WINMMBASE.dll
[0325/100007.666:ERROR:process_memory_win.cc(73)] ReadMemory at 0x7fff8ed60000 of 64 bytes failed: Only part of a ReadProcessMemory or WriteProcessMemory request was completed. (0x12B)
[0325/100007.666:WARNING:pe_image_reader.cc(340)] could not read dos header from C:\WINDOWS\System32\cfgmgr32.dll
[0325/100007.666:ERROR:process_memory_win.cc(73)] ReadMemory at 0x7fff8bb10000 of 64 bytes failed: Only part of a ReadProcessMemory or WriteProcessMemory request was completed. (0x12B)
[0325/100007.666:WARNING:pe_image_reader.cc(340)] could not read dos header from C:\WINDOWS\SYSTEM32\PROPSYS.dll
[0325/100007.666:ERROR:process_memory_win.cc(73)] ReadMemory at 0x7fff90e90000 of 64 bytes failed: Only part of a ReadProcessMemory or WriteProcessMemory request was completed. (0x12B)
[0325/100007.666:WARNING:pe_image_reader.cc(340)] could not read dos header from C:\WINDOWS\System32\shcore.dll
[0325/100007.666:ERROR:process_memory_win.cc(73)] ReadMemory at 0x7fff8de40000 of 64 bytes failed: Only part of a ReadProcessMemory or WriteProcessMemory request was completed. (0x12B)
[0325/100007.666:WARNING:pe_image_reader.cc(340)] could not read dos header from C:\WINDOWS\SYSTEM32\SSPICLI.DLL
[0325/100007.666:ERROR:process_memory_win.cc(73)] ReadMemory at 0x7fff8d960000 of 64 bytes failed: Only part of a ReadProcessMemory or WriteProcessMemory request was completed. (0x12B)
[0325/100007.666:WARNING:pe_image_reader.cc(340)] could not read dos header from C:\WINDOWS\SYSTEM32\CRYPTBASE.DLL
[0325/100007.682:ERROR:process_memory_win.cc(73)] ReadMemory at 0xb3051e8000 of 98304 bytes failed: Only part of a ReadProcessMemory or WriteProcessMemory request was completed. (0x12B)
[0325/100007.682:ERROR:process_memory_win.cc(73)] ReadMemory at 0xb3059fd000 of 12288 bytes failed: Only part of a ReadProcessMemory or WriteProcessMemory request was completed. (0x12B)
[0325/100007.682:ERROR:process_memory_win.cc(73)] ReadMemory at 0xb3069fc000 of 16384 bytes failed: Only part of a ReadProcessMemory or WriteProcessMemory request was completed. (0x12B)
[0325/100007.682:ERROR:process_memory_win.cc(73)] ReadMemory at 0xb3071fc000 of 16384 bytes failed: Only part of a ReadProcessMemory or WriteProcessMemory request was completed. (0x12B)
[0325/100007.682:ERROR:process_memory_win.cc(73)] ReadMemory at 0xb3079fe000 of 8192 bytes failed: Only part of a ReadProcessMemory or WriteProcessMemory request was completed. (0x12B)
[0325/100007.682:ERROR:process_memory_win.cc(73)] ReadMemory at 0xb3081fd000 of 12288 bytes failed: Only part of a ReadProcessMemory or WriteProcessMemory request was completed. (0x12B)
[0325/100007.682:ERROR:process_memory_win.cc(73)] ReadMemory at 0xb3089fb000 of 20480 bytes failed: Only part of a ReadProcessMemory or WriteProcessMemory request was completed. (0x12B)
[0325/100007.682:ERROR:process_memory_win.cc(73)] ReadMemory at 0xb3091fd000 of 12288 bytes failed: Only part of a ReadProcessMemory or WriteProcessMemory request was completed. (0x12B)
[0325/100007.682:ERROR:process_memory_win.cc(73)] ReadMemory at 0xb3099f7000 of 36864 bytes failed: Only part of a ReadProcessMemory or WriteProcessMemory request was completed. (0x12B)
[0325/100007.682:ERROR:process_memory_win.cc(73)] ReadMemory at 0xb30a1f5000 of 45056 bytes failed: Only part of a ReadProcessMemory or WriteProcessMemory request was completed. (0x12B)
[0325/100007.682:ERROR:process_memory_win.cc(73)] ReadMemory at 0xb30a9fd000 of 12288 bytes failed: Only part of a ReadProcessMemory or WriteProcessMemory request was completed. (0x12B)
[0325/100007.682:ERROR:process_memory_win.cc(73)] ReadMemory at 0xb30b1fd000 of 12288 bytes failed: Only part of a ReadProcessMemory or WriteProcessMemory request was completed. (0x12B)
[0325/100007.682:ERROR:process_memory_win.cc(73)] ReadMemory at 0xb30c1fc000 of 16384 bytes failed: Only part of a ReadProcessMemory or WriteProcessMemory request was completed. (0x12B)
[0325/100007.682:ERROR:process_memory_win.cc(73)] ReadMemory at 0xb3061fc000 of 16384 bytes failed: Only part of a ReadProcessMemory or WriteProcessMemory request was completed. (0x12B)
[0325/100007.682:ERROR:process_memory_win.cc(73)] ReadMemory at 0xb30b9fd000 of 12288 bytes failed: Only part of a ReadProcessMemory or WriteProcessMemory request was completed. (0x12B)
[0325/100007.682:ERROR:process_memory_win.cc(73)] ReadMemory at 0xb30c9fe000 of 8192 bytes failed: Only part of a ReadProcessMemory or WriteProcessMemory request was completed. (0x12B)
[0325/100007.682:ERROR:process_memory_win.cc(73)] ReadMemory at 0xb304808000 of 852 bytes failed: Only part of a ReadProcessMemory or WriteProcessMemory request was completed. (0x12B)
[0325/100007.682:ERROR:process_memory_win.cc(73)] ReadMemory at 0xb304809000 of 6024 bytes failed: Only part of a ReadProcessMemory or WriteProcessMemory request was completed. (0x12B)
[0325/100007.682:ERROR:process_memory_win.cc(73)] ReadMemory at 0xb30480b000 of 6024 bytes failed: Only part of a ReadProcessMemory or WriteProcessMemory request was completed. (0x12B)
[0325/100007.682:ERROR:process_memory_win.cc(73)] ReadMemory at 0xb30480f000 of 6024 bytes failed: Only part of a ReadProcessMemory or WriteProcessMemory request was completed. (0x12B)
[0325/100007.682:ERROR:process_memory_win.cc(73)] ReadMemory at 0xb304811000 of 6024 bytes failed: Only part of a ReadProcessMemory or WriteProcessMemory request was completed. (0x12B)
[0325/100007.682:ERROR:process_memory_win.cc(73)] ReadMemory at 0xb304813000 of 6024 bytes failed: Only part of a ReadProcessMemory or WriteProcessMemory request was completed. (0x12B)
[0325/100007.682:ERROR:process_memory_win.cc(73)] ReadMemory at 0xb304815000 of 6024 bytes failed: Only part of a ReadProcessMemory or WriteProcessMemory request was completed. (0x12B)
[0325/100007.682:ERROR:process_memory_win.cc(73)] ReadMemory at 0xb304817000 of 6024 bytes failed: Only part of a ReadProcessMemory or WriteProcessMemory request was completed. (0x12B)
[0325/100007.682:ERROR:process_memory_win.cc(73)] ReadMemory at 0xb304819000 of 6024 bytes failed: Only part of a ReadProcessMemory or WriteProcessMemory request was completed. (0x12B)
[0325/100007.682:ERROR:process_memory_win.cc(73)] ReadMemory at 0xb30481b000 of 6024 bytes failed: Only part of a ReadProcessMemory or WriteProcessMemory request was completed. (0x12B)
[0325/100007.682:ERROR:process_memory_win.cc(73)] ReadMemory at 0xb30481d000 of 6024 bytes failed: Only part of a ReadProcessMemory or WriteProcessMemory request was completed. (0x12B)
[0325/100007.682:ERROR:process_memory_win.cc(73)] ReadMemory at 0xb30481f000 of 6024 bytes failed: Only part of a ReadProcessMemory or WriteProcessMemory request was completed. (0x12B)
[0325/100007.682:ERROR:process_memory_win.cc(73)] ReadMemory at 0xb304827000 of 6024 bytes failed: Only part of a ReadProcessMemory or WriteProcessMemory request was completed. (0x12B)
[0325/100007.682:ERROR:process_memory_win.cc(73)] ReadMemory at 0xb304839000 of 6024 bytes failed: Only part of a ReadProcessMemory or WriteProcessMemory request was completed. (0x12B)
[0325/100007.682:ERROR:process_memory_win.cc(73)] ReadMemory at 0xb304841000 of 6024 bytes failed: Only part of a ReadProcessMemory or WriteProcessMemory request was completed. (0x12B)
[0325/100007.682:ERROR:process_memory_win.cc(73)] ReadMemory at 0xb304843000 of 6024 bytes failed: Only part of a ReadProcessMemory or WriteProcessMemory request was completed. (0x12B)
[0325/100007.682:ERROR:process_memory_win.cc(73)] ReadMemory at 0xb304845000 of 6024 bytes failed: Only part of a ReadProcessMemory or WriteProcessMemory request was completed. (0x12B)
[0325/100007.682:ERROR:process_memory_win.cc(73)] ReadMemory at 0x1c899c60fe0 of 32144 bytes failed: Only part of a ReadProcessMemory or WriteProcessMemory request was completed. (0x12B)
[0325/100007.682:ERROR:process_memory_win.cc(73)] ReadMemory at 0x1c899c68d80 of 1012 bytes failed: Only part of a ReadProcessMemory or WriteProcessMemory request was completed. (0x12B)
[0325/100007.682:ERROR:process_memory_win.cc(73)] ReadMemory at 0x1c899c693c8 of 118 bytes failed: Only part of a ReadProcessMemory or WriteProcessMemory request was completed. (0x12B)
[0325/100007.682:ERROR:process_memory_win.cc(73)] ReadMemory at 0x1c899c69440 of 746 bytes failed: Only part of a ReadProcessMemory or WriteProcessMemory request was completed. (0x12B)
[0325/100007.682:ERROR:process_memory_win.cc(73)] ReadMemory at 0x1c899c6972c of 118 bytes failed: Only part of a ReadProcessMemory or WriteProcessMemory request was completed. (0x12B)
[0325/100007.682:ERROR:process_memory_win.cc(73)] ReadMemory at 0x1c899c697a4 of 102 bytes failed: Only part of a ReadProcessMemory or WriteProcessMemory request was completed. (0x12B)
[0325/100007.682:ERROR:process_memory_win.cc(73)] ReadMemory at 0x1c899c69820 of 58 bytes failed: Only part of a ReadProcessMemory or WriteProcessMemory request was completed. (0x12B)
[0325/100007.682:ERROR:process_memory_win.cc(73)] ReadMemory at 0x1c899c69920 of 132 bytes failed: Only part of a ReadProcessMemory or WriteProcessMemory request was completed. (0x12B)
[0325/100007.682:ERROR:process_memory_win.cc(73)] ReadMemory at 0x1c899c69ab0 of 132 bytes failed: Only part of a ReadProcessMemory or WriteProcessMemory request was completed. (0x12B)
[0325/100007.682:ERROR:process_memory_win.cc(73)] ReadMemory at 0x1c899c69c70 of 126 bytes failed: Only part of a ReadProcessMemory or WriteProcessMemory request was completed. (0x12B)
[0325/100007.682:ERROR:process_memory_win.cc(73)] ReadMemory at 0x1c899c6a050 of 132 bytes failed: Only part of a ReadProcessMemory or WriteProcessMemory request was completed. (0x12B)
[0325/100007.682:ERROR:process_memory_win.cc(73)] ReadMemory at 0x1c899c6a1e0 of 64 bytes failed: Only part of a ReadProcessMemory or WriteProcessMemory request was completed. (0x12B)
[0325/100007.682:ERROR:process_memory_win.cc(73)] ReadMemory at 0x1c899c6a230 of 132 bytes failed: Only part of a ReadProcessMemory or WriteProcessMemory request was completed. (0x12B)
[0325/100007.698:ERROR:process_memory_win.cc(73)] ReadMemory at 0x1c899c6a3a0 of 132 bytes failed: Only part of a ReadProcessMemory or WriteProcessMemory request was completed. (0x12B)
[0325/100007.698:ERROR:process_memory_win.cc(73)] ReadMemory at 0x1c899c6a640 of 132 bytes failed: Only part of a ReadProcessMemory or WriteProcessMemory request was completed. (0x12B)
[0325/100007.698:ERROR:process_memory_win.cc(73)] ReadMemory at 0x1c899c6a7d0 of 68 bytes failed: Only part of a ReadProcessMemory or WriteProcessMemory request was completed. (0x12B)
[0325/100007.698:ERROR:process_memory_win.cc(73)] ReadMemory at 0x1c899c6b890 of 132 bytes failed: Only part of a ReadProcessMemory or WriteProcessMemory request was completed. (0x12B)
[0325/100007.698:ERROR:process_memory_win.cc(73)] ReadMemory at 0x1c899c6ba20 of 154 bytes failed: Only part of a ReadProcessMemory or WriteProcessMemory request was completed. (0x12B)
[0325/100007.698:ERROR:process_memory_win.cc(73)] ReadMemory at 0x1c899c6cca0 of 132 bytes failed: Only part of a ReadProcessMemory or WriteProcessMemory request was completed. (0x12B)
[0325/100007.698:ERROR:process_memory_win.cc(73)] ReadMemory at 0x1c899c6d850 of 132 bytes failed: Only part of a ReadProcessMemory or WriteProcessMemory request was completed. (0x12B)
[0325/100007.698:ERROR:process_memory_win.cc(73)] ReadMemory at 0x1c899c6da70 of 132 bytes failed: Only part of a ReadProcessMemory or WriteProcessMemory request was completed. (0x12B)
[0325/100007.698:ERROR:process_memory_win.cc(73)] ReadMemory at 0x1c899c6e050 of 132 bytes failed: Only part of a ReadProcessMemory or WriteProcessMemory request was completed. (0x12B)
[0325/100007.698:ERROR:process_memory_win.cc(73)] ReadMemory at 0x1c899c6fe10 of 62 bytes failed: Only part of a ReadProcessMemory or WriteProcessMemory request was completed. (0x12B)
[0325/100007.698:ERROR:process_memory_win.cc(73)] ReadMemory at 0x1c899c6fe90 of 146 bytes failed: Only part of a ReadProcessMemory or WriteProcessMemory request was completed. (0x12B)
[0325/100007.698:ERROR:process_memory_win.cc(73)] ReadMemory at 0x1c899c6ff70 of 132 bytes failed: Only part of a ReadProcessMemory or WriteProcessMemory request was completed. (0x12B)
[0325/100007.698:ERROR:process_memory_win.cc(73)] ReadMemory at 0x1c899c70100 of 60 bytes failed: Only part of a ReadProcessMemory or WriteProcessMemory request was completed. (0x12B)
[0325/100007.698:ERROR:process_memory_win.cc(73)] ReadMemory at 0x1c899c728d0 of 54 bytes failed: Only part of a ReadProcessMemory or WriteProcessMemory request was completed. (0x12B)
[0325/100007.698:ERROR:process_memory_win.cc(73)] ReadMemory at 0x1c899c72a90 of 132 bytes failed: Only part of a ReadProcessMemory or WriteProcessMemory request was completed. (0x12B)
[0325/100007.698:ERROR:process_memory_win.cc(73)] ReadMemory at 0x1c899c72bc0 of 80 bytes failed: Only part of a ReadProcessMemory or WriteProcessMemory request was completed. (0x12B)
[0325/100007.698:ERROR:process_memory_win.cc(73)] ReadMemory at 0x1c899c72cd0 of 76 bytes failed: Only part of a ReadProcessMemory or WriteProcessMemory request was completed. (0x12B)
[0325/100007.698:ERROR:process_memory_win.cc(73)] ReadMemory at 0x1c899c73210 of 80 bytes failed: Only part of a ReadProcessMemory or WriteProcessMemory request was completed. (0x12B)
[0325/100007.698:ERROR:process_memory_win.cc(73)] ReadMemory at 0x1c899c79770 of 60 bytes failed: Only part of a ReadProcessMemory or WriteProcessMemory request was completed. (0x12B)
[0325/100007.698:ERROR:process_memory_win.cc(73)] ReadMemory at 0x1c899c798b0 of 62 bytes failed: Only part of a ReadProcessMemory or WriteProcessMemory request was completed. (0x12B)
[0325/100007.698:ERROR:process_memory_win.cc(73)] ReadMemory at 0x1c899c79900 of 64 bytes failed: Only part of a ReadProcessMemory or WriteProcessMemory request was completed. (0x12B)
[0325/100007.698:ERROR:process_memory_win.cc(73)] ReadMemory at 0x1c899c799f0 of 64 bytes failed: Only part of a ReadProcessMemory or WriteProcessMemory request was completed. (0x12B)
[0325/100007.698:ERROR:process_memory_win.cc(73)] ReadMemory at 0x1c899c79a40 of 64 bytes failed: Only part of a ReadProcessMemory or WriteProcessMemory request was completed. (0x12B)
[0325/100007.698:ERROR:process_memory_win.cc(73)] ReadMemory at 0x1c899c79a90 of 64 bytes failed: Only part of a ReadProcessMemory or WriteProcessMemory request was completed. (0x12B)
[0325/100007.698:ERROR:process_memory_win.cc(73)] ReadMemory at 0x1c899c79b80 of 60 bytes failed: Only part of a ReadProcessMemory or WriteProcessMemory request was completed. (0x12B)
[0325/100007.698:ERROR:process_memory_win.cc(73)] ReadMemory at 0x1c899c79c20 of 62 bytes failed: Only part of a ReadProcessMemory or WriteProcessMemory request was completed. (0x12B)
[0325/100007.698:ERROR:process_memory_win.cc(73)] ReadMemory at 0x1c899c79c70 of 64 bytes failed: Only part of a ReadProcessMemory or WriteProcessMemory request was completed. (0x12B)
[0325/100007.698:ERROR:process_memory_win.cc(73)] ReadMemory at 0x1c899c79db0 of 60 bytes failed: Only part of a ReadProcessMemory or WriteProcessMemory request was completed. (0x12B)
[0325/100007.698:ERROR:process_memory_win.cc(73)] ReadMemory at 0x1c899c79e50 of 62 bytes failed: Only part of a ReadProcessMemory or WriteProcessMemory request was completed. (0x12B)
[0325/100007.698:ERROR:process_memory_win.cc(73)] ReadMemory at 0x1c899c79ea0 of 66 bytes failed: Only part of a ReadProcessMemory or WriteProcessMemory request was completed. (0x12B)
[0325/100007.698:ERROR:process_memory_win.cc(73)] ReadMemory at 0x1c899c79ef0 of 60 bytes failed: Only part of a ReadProcessMemory or WriteProcessMemory request was completed. (0x12B)
[0325/100007.698:ERROR:process_memory_win.cc(73)] ReadMemory at 0x1c899c79f90 of 66 bytes failed: Only part of a ReadProcessMemory or WriteProcessMemory request was completed. (0x12B)
[0325/100007.698:ERROR:process_memory_win.cc(73)] ReadMemory at 0x1c899c79fe0 of 62 bytes failed: Only part of a ReadProcessMemory or WriteProcessMemory request was completed. (0x12B)
[0325/100007.698:ERROR:process_memory_win.cc(73)] ReadMemory at 0x1c899c7a030 of 60 bytes failed: Only part of a ReadProcessMemory or WriteProcessMemory request was completed. (0x12B)
[0325/100007.698:ERROR:process_memory_win.cc(73)] ReadMemory at 0x1c899c7a080 of 62 bytes failed: Only part of a ReadProcessMemory or WriteProcessMemory request was completed. (0x12B)
[0325/100007.698:ERROR:process_memory_win.cc(73)] ReadMemory at 0x1c899c7a0d0 of 62 bytes failed: Only part of a ReadProcessMemory or WriteProcessMemory request was completed. (0x12B)
[0325/100007.698:ERROR:process_memory_win.cc(73)] ReadMemory at 0x1c899c7a120 of 60 bytes failed: Only part of a ReadProcessMemory or WriteProcessMemory request was completed. (0x12B)
[0325/100007.698:ERROR:process_memory_win.cc(73)] ReadMemory at 0x1c899c7a2b0 of 62 bytes failed: Only part of a ReadProcessMemory or WriteProcessMemory request was completed. (0x12B)
[0325/100007.698:ERROR:process_memory_win.cc(73)] ReadMemory at 0x1c899c7a350 of 62 bytes failed: Only part of a ReadProcessMemory or WriteProcessMemory request was completed. (0x12B)
[0325/100007.698:ERROR:process_memory_win.cc(73)] ReadMemory at 0x1c899c7a3a0 of 58 bytes failed: Only part of a ReadProcessMemory or WriteProcessMemory request was completed. (0x12B)
[0325/100007.698:ERROR:process_memory_win.cc(73)] ReadMemory at 0x1c899c7a440 of 62 bytes failed: Only part of a ReadProcessMemory or WriteProcessMemory request was completed. (0x12B)
[0325/100007.698:ERROR:process_memory_win.cc(73)] ReadMemory at 0x1c899c7a4e0 of 64 bytes failed: Only part of a ReadProcessMemory or WriteProcessMemory request was completed. (0x12B)
[0325/100007.698:ERROR:process_memory_win.cc(73)] ReadMemory at 0x1c899c7a580 of 64 bytes failed: Only part of a ReadProcessMemory or WriteProcessMemory request was completed. (0x12B)
[0325/100007.698:ERROR:process_memory_win.cc(73)] ReadMemory at 0x1c899c7a5d0 of 62 bytes failed: Only part of a ReadProcessMemory or WriteProcessMemory request was completed. (0x12B)
[0325/100007.698:ERROR:process_memory_win.cc(73)] ReadMemory at 0x1c899c7a6c0 of 64 bytes failed: Only part of a ReadProcessMemory or WriteProcessMemory request was completed. (0x12B)
[0325/100007.698:ERROR:process_memory_win.cc(73)] ReadMemory at 0x1c899c7a780 of 132 bytes failed: Only part of a ReadProcessMemory or WriteProcessMemory request was completed. (0x12B)
[0325/100007.698:ERROR:process_memory_win.cc(73)] ReadMemory at 0x1c899c7a8b0 of 132 bytes failed: Only part of a ReadProcessMemory or WriteProcessMemory request was completed. (0x12B)
[0325/100007.698:ERROR:process_memory_win.cc(73)] ReadMemory at 0x1c899c7a9e0 of 132 bytes failed: Only part of a ReadProcessMemory or WriteProcessMemory request was completed. (0x12B)
[0325/100007.698:ERROR:process_memory_win.cc(73)] ReadMemory at 0x1c899c7ab10 of 132 bytes failed: Only part of a ReadProcessMemory or WriteProcessMemory request was completed. (0x12B)
[0325/100007.698:ERROR:process_memory_win.cc(73)] ReadMemory at 0x1c899c7ac40 of 132 bytes failed: Only part of a ReadProcessMemory or WriteProcessMemory request was completed. (0x12B)
[0325/100007.698:ERROR:process_memory_win.cc(73)] ReadMemory at 0x1c899c7ad70 of 132 bytes failed: Only part of a ReadProcessMemory or WriteProcessMemory request was completed. (0x12B)
[0325/100007.698:ERROR:process_memory_win.cc(73)] ReadMemory at 0x1c899c7aea0 of 132 bytes failed: Only part of a ReadProcessMemory or WriteProcessMemory request was completed. (0x12B)
[0325/100007.698:ERROR:process_memory_win.cc(73)] ReadMemory at 0x1c899c7b100 of 132 bytes failed: Only part of a ReadProcessMemory or WriteProcessMemory request was completed. (0x12B)
[0325/100007.698:ERROR:process_memory_win.cc(73)] ReadMemory at 0x1c899c7b230 of 132 bytes failed: Only part of a ReadProcessMemory or WriteProcessMemory request was completed. (0x12B)
[0325/100007.698:ERROR:process_memory_win.cc(73)] ReadMemory at 0x1c899c7b360 of 132 bytes failed: Only part of a ReadProcessMemory or WriteProcessMemory request was completed. (0x12B)
[0325/100007.698:ERROR:process_memory_win.cc(73)] ReadMemory at 0x1c899c7b490 of 132 bytes failed: Only part of a ReadProcessMemory or WriteProcessMemory request was completed. (0x12B)
[0325/100007.698:ERROR:process_memory_win.cc(73)] ReadMemory at 0x1c899c7b5c0 of 132 bytes failed: Only part of a ReadProcessMemory or WriteProcessMemory request was completed. (0x12B)
[0325/100007.698:ERROR:process_memory_win.cc(73)] ReadMemory at 0x1c899c7d020 of 132 bytes failed: Only part of a ReadProcessMemory or WriteProcessMemory request was completed. (0x12B)
[0325/100007.698:ERROR:process_memory_win.cc(73)] ReadMemory at 0x1c899c7e910 of 132 bytes failed: Only part of a ReadProcessMemory or WriteProcessMemory request was completed. (0x12B)
[0325/100007.698:ERROR:process_memory_win.cc(73)] ReadMemory at 0x1c899c7ec70 of 132 bytes failed: Only part of a ReadProcessMemory or WriteProcessMemory request was completed. (0x12B)
[0325/100007.698:ERROR:process_memory_win.cc(73)] ReadMemory at 0x1c899c808f0 of 132 bytes failed: Only part of a ReadProcessMemory or WriteProcessMemory request was completed. (0x12B)
[0325/100007.698:ERROR:process_memory_win.cc(73)] ReadMemory at 0x1c899c809a0 of 512 bytes failed: Only part of a ReadProcessMemory or WriteProcessMemory request was completed. (0x12B)
[0325/100007.698:ERROR:process_memory_win.cc(73)] ReadMemory at 0x1c899c810b0 of 132 bytes failed: Only part of a ReadProcessMemory or WriteProcessMemory request was completed. (0x12B)
[0325/100007.698:ERROR:process_memory_win.cc(73)] ReadMemory at 0x1c899c811e0 of 132 bytes failed: Only part of a ReadProcessMemory or WriteProcessMemory request was completed. (0x12B)
[0325/100007.698:ERROR:process_memory_win.cc(73)] ReadMemory at 0x1c899c81440 of 132 bytes failed: Only part of a ReadProcessMemory or WriteProcessMemory request was completed. (0x12B)
[0325/100007.698:ERROR:process_memory_win.cc(73)] ReadMemory at 0x1c899c81570 of 132 bytes failed: Only part of a ReadProcessMemory or WriteProcessMemory request was completed. (0x12B)
[0325/100007.713:ERROR:process_memory_win.cc(73)] ReadMemory at 0x1c899c816a0 of 132 bytes failed: Only part of a ReadProcessMemory or WriteProcessMemory request was completed. (0x12B)
[0325/100007.713:ERROR:process_memory_win.cc(73)] ReadMemory at 0x1c899c81900 of 132 bytes failed: Only part of a ReadProcessMemory or WriteProcessMemory request was completed. (0x12B)
[0325/100007.713:ERROR:process_memory_win.cc(73)] ReadMemory at 0x1c899c81a30 of 132 bytes failed: Only part of a ReadProcessMemory or WriteProcessMemory request was completed. (0x12B)
[0325/100007.713:ERROR:process_memory_win.cc(73)] ReadMemory at 0x1c899c81ef0 of 132 bytes failed: Only part of a ReadProcessMemory or WriteProcessMemory request was completed. (0x12B)
[0325/100007.713:ERROR:process_memory_win.cc(73)] ReadMemory at 0x1c899c82740 of 132 bytes failed: Only part of a ReadProcessMemory or WriteProcessMemory request was completed. (0x12B)
[0325/100007.713:ERROR:process_memory_win.cc(73)] ReadMemory at 0x1c899c82d30 of 132 bytes failed: Only part of a ReadProcessMemory or WriteProcessMemory request was completed. (0x12B)
[0325/100007.713:ERROR:process_memory_win.cc(73)] ReadMemory at 0x1c899c9b120 of 512 bytes failed: Only part of a ReadProcessMemory or WriteProcessMemory request was completed. (0x12B)
[0325/100007.713:ERROR:process_memory_win.cc(73)] ReadMemory at 0x1c899c9d6c0 of 512 bytes failed: Only part of a ReadProcessMemory or WriteProcessMemory request was completed. (0x12B)
[0325/100007.713:ERROR:process_memory_win.cc(73)] ReadMemory at 0x1c899c9f1e0 of 512 bytes failed: Only part of a ReadProcessMemory or WriteProcessMemory request was completed. (0x12B)
[0325/100007.713:ERROR:process_memory_win.cc(73)] ReadMemory at 0x1c899d70dc0 of 704 bytes failed: Only part of a ReadProcessMemory or WriteProcessMemory request was completed. (0x12B)
[0325/100007.713:ERROR:process_memory_win.cc(73)] ReadMemory at 0x1c89a086410 of 512 bytes failed: Only part of a ReadProcessMemory or WriteProcessMemory request was completed. (0x12B)
[0325/100007.713:ERROR:process_memory_win.cc(73)] ReadMemory at 0x1c89a094100 of 712 bytes failed: Only part of a ReadProcessMemory or WriteProcessMemory request was completed. (0x12B)
[0325/100007.713:ERROR:process_memory_win.cc(73)] ReadMemory at 0x1c89a1375e0 of 512 bytes failed: Only part of a ReadProcessMemory or WriteProcessMemory request was completed. (0x12B)
[0325/100007.713:ERROR:process_memory_win.cc(73)] ReadMemory at 0x1c89a13a0d0 of 512 bytes failed: Only part of a ReadProcessMemory or WriteProcessMemory request was completed. (0x12B)
[0325/100007.713:ERROR:process_memory_win.cc(73)] ReadMemory at 0x1c89bf30000 of 384 bytes failed: Only part of a ReadProcessMemory or WriteProcessMemory request was completed. (0x12B)
[0325/100007.713:ERROR:process_memory_win.cc(73)] ReadMemory at 0x1c89bf58c18 of 512 bytes failed: Only part of a ReadProcessMemory or WriteProcessMemory request was completed. (0x12B)
[0325/100007.713:ERROR:process_memory_win.cc(73)] ReadMemory at 0x1c89bf67e08 of 512 bytes failed: Only part of a ReadProcessMemory or WriteProcessMemory request was completed. (0x12B)
[0325/100007.713:ERROR:process_memory_win.cc(73)] ReadMemory at 0x1c89bf685e8 of 512 bytes failed: Only part of a ReadProcessMemory or WriteProcessMemory request was completed. (0x12B)
[0325/100007.713:ERROR:process_memory_win.cc(73)] ReadMemory at 0x1c89bf69908 of 512 bytes failed: Only part of a ReadProcessMemory or WriteProcessMemory request was completed. (0x12B)
[0325/100007.713:ERROR:process_memory_win.cc(73)] ReadMemory at 0x1c89bf6c9d0 of 512 bytes failed: Only part of a ReadProcessMemory or WriteProcessMemory request was completed. (0x12B)
[0325/100007.713:ERROR:process_memory_win.cc(73)] ReadMemory at 0x1c89cf9a8b0 of 512 bytes failed: Only part of a ReadProcessMemory or WriteProcessMemory request was completed. (0x12B)
[0325/100007.713:ERROR:process_memory_win.cc(73)] ReadMemory at 0x1c89d3f6cb0 of 512 bytes failed: Only part of a ReadProcessMemory or WriteProcessMemory request was completed. (0x12B)
[0325/100007.713:ERROR:process_memory_win.cc(73)] ReadMemory at 0x1c89d6df5f0 of 512 bytes failed: Only part of a ReadProcessMemory or WriteProcessMemory request was completed. (0x12B)
[0325/100007.713:ERROR:process_memory_win.cc(73)] ReadMemory at 0x1c89db08fe0 of 512 bytes failed: Only part of a ReadProcessMemory or WriteProcessMemory request was completed. (0x12B)
[0325/100007.713:ERROR:process_memory_win.cc(73)] ReadMemory at 0x1c89dd19f60 of 512 bytes failed: Only part of a ReadProcessMemory or WriteProcessMemory request was completed. (0x12B)
[0325/100007.713:ERROR:process_memory_win.cc(73)] ReadMemory at 0x1c89f403b20 of 512 bytes failed: Only part of a ReadProcessMemory or WriteProcessMemory request was completed. (0x12B)
[0325/100007.713:ERROR:process_memory_win.cc(73)] ReadMemory at 0x1c8a0027310 of 512 bytes failed: Only part of a ReadProcessMemory or WriteProcessMemory request was completed. (0x12B)
[0325/100007.713:ERROR:process_memory_win.cc(73)] ReadMemory at 0x9eca7ec1000 of 440 bytes failed: Only part of a ReadProcessMemory or WriteProcessMemory request was completed. (0x12B)
[0325/100007.713:ERROR:process_memory_win.cc(73)] ReadMemory at 0x9eca7f50e28 of 512 bytes failed: Only part of a ReadProcessMemory or WriteProcessMemory request was completed. (0x12B)
[0325/100007.713:ERROR:process_memory_win.cc(73)] ReadMemory at 0x1e7099b56710 of 512 bytes failed: Only part of a ReadProcessMemory or WriteProcessMemory request was completed. (0x12B)
[0325/100007.713:ERROR:process_memory_win.cc(73)] ReadMemory at 0x3792d0efb178 of 512 bytes failed: Only part of a ReadProcessMemory or WriteProcessMemory request was completed. (0x12B)
[0325/100007.713:ERROR:process_memory_win.cc(73)] ReadMemory at 0x471aaaada420 of 512 bytes failed: Only part of a ReadProcessMemory or WriteProcessMemory request was completed. (0x12B)
[0325/100007.713:ERROR:process_memory_win.cc(73)] ReadMemory at 0x670e00000000 of 384 bytes failed: Only part of a ReadProcessMemory or WriteProcessMemory request was completed. (0x12B)
[0325/100007.713:ERROR:process_memory_win.cc(73)] ReadMemory at 0x670e0dc90a4d of 512 bytes failed: Only part of a ReadProcessMemory or WriteProcessMemory request was completed. (0x12B)
[0325/100007.713:ERROR:process_memory_win.cc(73)] ReadMemory at 0x670e0f8cdea8 of 512 bytes failed: Only part of a ReadProcessMemory or WriteProcessMemory request was completed. (0x12B)
[0325/100007.713:ERROR:process_memory_win.cc(73)] ReadMemory at 0x670e0f95bf71 of 512 bytes failed: Only part of a ReadProcessMemory or WriteProcessMemory request was completed. (0x12B)
[0325/100007.713:ERROR:process_memory_win.cc(73)] ReadMemory at 0x7dc2486770a0 of 512 bytes failed: Only part of a ReadProcessMemory or WriteProcessMemory request was completed. (0x12B)
[0325/100007.713:ERROR:process_memory_win.cc(73)] ReadMemory at 0x7ffef5a55aec of 512 bytes failed: Only part of a ReadProcessMemory or WriteProcessMemory request was completed. (0x12B)
[0325/100007.713:ERROR:process_memory_win.cc(73)] ReadMemory at 0x7ffef89de29a of 512 bytes failed: Only part of a ReadProcessMemory or WriteProcessMemory request was completed. (0x12B)
[0325/100007.713:ERROR:process_memory_win.cc(73)] ReadMemory at 0x7ffef9672d90 of 512 bytes failed: Only part of a ReadProcessMemory or WriteProcessMemory request was completed. (0x12B)
[0325/100007.713:ERROR:process_memory_win.cc(73)] ReadMemory at 0x7fff45b67a8d of 512 bytes failed: Only part of a ReadProcessMemory or WriteProcessMemory request was completed. (0x12B)
[0325/100007.713:ERROR:process_memory_win.cc(73)] ReadMemory at 0x7fff45b68285 of 512 bytes failed: Only part of a ReadProcessMemory or WriteProcessMemory request was completed. (0x12B)
[0325/100007.713:ERROR:process_memory_win.cc(73)] ReadMemory at 0x7fff910fc0c4 of 672 bytes failed: Only part of a ReadProcessMemory or WriteProcessMemory request was completed. (0x12B)
[0325/100007.713:ERROR:process_memory_win.cc(73)] ReadMemory at 0x7fff910ff974 of 608 bytes failed: Only part of a ReadProcessMemory or WriteProcessMemory request was completed. (0x12B)
[0325/100007.713:ERROR:process_memory_win.cc(73)] ReadMemory at 0x7fff9118c428 of 18 bytes failed: Only part of a ReadProcessMemory or WriteProcessMemory request was completed. (0x12B)
[0325/100007.713:ERROR:process_memory_win.cc(73)] ReadMemory at 0x7fff911bf4f8 of 40 bytes failed: Only part of a ReadProcessMemory or WriteProcessMemory request was completed. (0x12B)
[0325/100007.713:ERROR:process_memory_win.cc(73)] ReadMemory at 0x7fff911bf978 of 48 bytes failed: Only part of a ReadProcessMemory or WriteProcessMemory request was completed. (0x12B)
[0325/100007.713:ERROR:process_memory_win.cc(73)] ReadMemory at 0x7fff911c53c0 of 64 bytes failed: Only part of a ReadProcessMemory or WriteProcessMemory request was completed. (0x12B)
[0325/100007.713:ERROR:scoped_process_suspend.cc(40)] NtResumeProcess: An attempt was made to access an exiting process. (0xc000010a)
